WARNING: A terminally deprecated method in sun.misc.Unsafe has been called
WARNING: sun.misc.Unsafe::allocateMemory has been called by io.netty.util.internal.PlatformDependent0$2 (file:/C:/Users/user/.cache/firebase/emulators/cloud-firestore-emulator-v1.20.2.jar)
WARNING: Please consider reporting this to the maintainers of class io.netty.util.internal.PlatformDependent0$2
WARNING: sun.misc.Unsafe::allocateMemory will be removed in a future release
Feb 25, 2026 4:24:06 AM com.google.cloud.datastore.emulator.firestore.websocket.WebSocketServer start
INFO: Started WebSocket server on ws://127.0.0.1:9150
API endpoint: http://127.0.0.1:8080
If you are using a library that supports the FIRESTORE_EMULATOR_HOST environment variable, run:

   export FIRESTORE_EMULATOR_HOST=127.0.0.1:8080

If you are running a Firestore in Datastore Mode project, run:

   export DATASTORE_EMULATOR_HOST=127.0.0.1:8080

Note: Support for Datastore Mode is in preview. If you encounter any bugs please file at https://github.com/firebase/firebase-tools/issues.
Dev App Server is now running.

Feb 25, 2026 6:41:14 AM io.gapi.emulators.netty.HttpVersionRoutingHandler channelRead
INFO: Detected non-HTTP/2 connection.
Feb 25, 2026 6:41:14 AM io.gapi.emulators.netty.NotFoundHandler handleRequest
INFO: Unknown request URI: /api/inngest
Feb 25, 2026 6:41:14 AM io.gapi.emulators.netty.HttpVersionRoutingHandler channelRead
INFO: Detected non-HTTP/2 connection.
Feb 25, 2026 6:41:14 AM io.gapi.emulators.netty.NotFoundHandler handleRequest
INFO: Unknown request URI: /x/inngest
Feb 25, 2026 6:41:14 AM io.gapi.emulators.netty.HttpVersionRoutingHandler channelRead
INFO: Detected non-HTTP/2 connection.
Feb 25, 2026 6:41:14 AM io.gapi.emulators.netty.NotFoundHandler handleRequest
INFO: Unknown request URI: /.netlify/functions/inngest
Feb 25, 2026 6:41:14 AM io.gapi.emulators.netty.HttpVersionRoutingHandler channelRead
INFO: Detected non-HTTP/2 connection.
Feb 25, 2026 6:41:14 AM io.gapi.emulators.netty.NotFoundHandler handleRequest
INFO: Unknown request URI: /.redwood/functions/inngest
Feb 25, 2026 6:41:19 AM io.gapi.emulators.netty.HttpVersionRoutingHandler channelRead
INFO: Detected non-HTTP/2 connection.
Feb 25, 2026 6:41:19 AM io.gapi.emulators.netty.NotFoundHandler handleRequest
INFO: Unknown request URI: /api/inngest
Feb 25, 2026 6:41:19 AM io.gapi.emulators.netty.HttpVersionRoutingHandler channelRead
INFO: Detected non-HTTP/2 connection.
Feb 25, 2026 6:41:19 AM io.gapi.emulators.netty.NotFoundHandler handleRequest
INFO: Unknown request URI: /x/inngest
Feb 25, 2026 6:41:19 AM io.gapi.emulators.netty.HttpVersionRoutingHandler channelRead
INFO: Detected non-HTTP/2 connection.
Feb 25, 2026 6:41:19 AM io.gapi.emulators.netty.NotFoundHandler handleRequest
INFO: Unknown request URI: /.netlify/functions/inngest
Feb 25, 2026 6:41:19 AM io.gapi.emulators.netty.HttpVersionRoutingHandler channelRead
INFO: Detected non-HTTP/2 connection.
Feb 25, 2026 6:41:19 AM io.gapi.emulators.netty.NotFoundHandler handleRequest
INFO: Unknown request URI: /.redwood/functions/inngest
Feb 25, 2026 6:41:24 AM io.gapi.emulators.netty.HttpVersionRoutingHandler channelRead
INFO: Detected non-HTTP/2 connection.
Feb 25, 2026 6:41:24 AM io.gapi.emulators.netty.NotFoundHandler handleRequest
INFO: Unknown request URI: /api/inngest
Feb 25, 2026 6:41:24 AM io.gapi.emulators.netty.HttpVersionRoutingHandler channelRead
INFO: Detected non-HTTP/2 connection.
Feb 25, 2026 6:41:24 AM io.gapi.emulators.netty.NotFoundHandler handleRequest
INFO: Unknown request URI: /x/inngest
Feb 25, 2026 6:41:25 AM io.gapi.emulators.netty.HttpVersionRoutingHandler channelRead
INFO: Detected non-HTTP/2 connection.
Feb 25, 2026 6:41:25 AM io.gapi.emulators.netty.NotFoundHandler handleRequest
INFO: Unknown request URI: /.netlify/functions/inngest
Feb 25, 2026 6:41:25 AM io.gapi.emulators.netty.HttpVersionRoutingHandler channelRead
INFO: Detected non-HTTP/2 connection.
Feb 25, 2026 6:41:25 AM io.gapi.emulators.netty.NotFoundHandler handleRequest
INFO: Unknown request URI: /.redwood/functions/inngest
Feb 25, 2026 6:41:30 AM io.gapi.emulators.netty.HttpVersionRoutingHandler channelRead
INFO: Detected non-HTTP/2 connection.
Feb 25, 2026 6:41:30 AM io.gapi.emulators.netty.NotFoundHandler handleRequest
INFO: Unknown request URI: /api/inngest
Feb 25, 2026 6:41:30 AM io.gapi.emulators.netty.HttpVersionRoutingHandler channelRead
INFO: Detected non-HTTP/2 connection.
Feb 25, 2026 6:41:30 AM io.gapi.emulators.netty.NotFoundHandler handleRequest
INFO: Unknown request URI: /x/inngest
Feb 25, 2026 6:41:30 AM io.gapi.emulators.netty.HttpVersionRoutingHandler channelRead
INFO: Detected non-HTTP/2 connection.
Feb 25, 2026 6:41:30 AM io.gapi.emulators.netty.NotFoundHandler handleRequest
INFO: Unknown request URI: /.netlify/functions/inngest
Feb 25, 2026 6:41:30 AM io.gapi.emulators.netty.HttpVersionRoutingHandler channelRead
INFO: Detected non-HTTP/2 connection.
Feb 25, 2026 6:41:30 AM io.gapi.emulators.netty.NotFoundHandler handleRequest
INFO: Unknown request URI: /.redwood/functions/inngest
Feb 25, 2026 6:41:35 AM io.gapi.emulators.netty.HttpVersionRoutingHandler channelRead
INFO: Detected non-HTTP/2 connection.
Feb 25, 2026 6:41:35 AM io.gapi.emulators.netty.NotFoundHandler handleRequest
INFO: Unknown request URI: /api/inngest
Feb 25, 2026 6:41:35 AM io.gapi.emulators.netty.HttpVersionRoutingHandler channelRead
INFO: Detected non-HTTP/2 connection.
Feb 25, 2026 6:41:35 AM io.gapi.emulators.netty.NotFoundHandler handleRequest
INFO: Unknown request URI: /x/inngest
Feb 25, 2026 6:41:35 AM io.gapi.emulators.netty.HttpVersionRoutingHandler channelRead
INFO: Detected non-HTTP/2 connection.
Feb 25, 2026 6:41:35 AM io.gapi.emulators.netty.NotFoundHandler handleRequest
INFO: Unknown request URI: /.netlify/functions/inngest
Feb 25, 2026 6:41:35 AM io.gapi.emulators.netty.HttpVersionRoutingHandler channelRead
INFO: Detected non-HTTP/2 connection.
Feb 25, 2026 6:41:35 AM io.gapi.emulators.netty.NotFoundHandler handleRequest
INFO: Unknown request URI: /.redwood/functions/inngest
Feb 25, 2026 6:41:40 AM io.gapi.emulators.netty.HttpVersionRoutingHandler channelRead
INFO: Detected non-HTTP/2 connection.
Feb 25, 2026 6:41:40 AM io.gapi.emulators.netty.NotFoundHandler handleRequest
INFO: Unknown request URI: /api/inngest
Feb 25, 2026 6:41:40 AM io.gapi.emulators.netty.HttpVersionRoutingHandler channelRead
INFO: Detected non-HTTP/2 connection.
Feb 25, 2026 6:41:40 AM io.gapi.emulators.netty.NotFoundHandler handleRequest
INFO: Unknown request URI: /x/inngest
Feb 25, 2026 6:41:40 AM io.gapi.emulators.netty.HttpVersionRoutingHandler channelRead
INFO: Detected non-HTTP/2 connection.
Feb 25, 2026 6:41:40 AM io.gapi.emulators.netty.NotFoundHandler handleRequest
INFO: Unknown request URI: /.netlify/functions/inngest
Feb 25, 2026 6:41:40 AM io.gapi.emulators.netty.HttpVersionRoutingHandler channelRead
INFO: Detected non-HTTP/2 connection.
Feb 25, 2026 6:41:40 AM io.gapi.emulators.netty.NotFoundHandler handleRequest
INFO: Unknown request URI: /.redwood/functions/inngest
Feb 25, 2026 6:41:45 AM io.gapi.emulators.netty.HttpVersionRoutingHandler channelRead
INFO: Detected non-HTTP/2 connection.
Feb 25, 2026 6:41:45 AM io.gapi.emulators.netty.NotFoundHandler handleRequest
INFO: Unknown request URI: /api/inngest
Feb 25, 2026 6:41:45 AM io.gapi.emulators.netty.HttpVersionRoutingHandler channelRead
INFO: Detected non-HTTP/2 connection.
Feb 25, 2026 6:41:45 AM io.gapi.emulators.netty.NotFoundHandler handleRequest
INFO: Unknown request URI: /x/inngest
Feb 25, 2026 6:41:45 AM io.gapi.emulators.netty.HttpVersionRoutingHandler channelRead
INFO: Detected non-HTTP/2 connection.
Feb 25, 2026 6:41:45 AM io.gapi.emulators.netty.NotFoundHandler handleRequest
INFO: Unknown request URI: /.netlify/functions/inngest
Feb 25, 2026 6:41:45 AM io.gapi.emulators.netty.HttpVersionRoutingHandler channelRead
INFO: Detected non-HTTP/2 connection.
Feb 25, 2026 6:41:45 AM io.gapi.emulators.netty.NotFoundHandler handleRequest
INFO: Unknown request URI: /.redwood/functions/inngest
Feb 25, 2026 6:41:50 AM io.gapi.emulators.netty.HttpVersionRoutingHandler channelRead
INFO: Detected non-HTTP/2 connection.
Feb 25, 2026 6:41:50 AM io.gapi.emulators.netty.NotFoundHandler handleRequest
INFO: Unknown request URI: /api/inngest
Feb 25, 2026 6:41:50 AM io.gapi.emulators.netty.HttpVersionRoutingHandler channelRead
INFO: Detected non-HTTP/2 connection.
Feb 25, 2026 6:41:50 AM io.gapi.emulators.netty.NotFoundHandler handleRequest
INFO: Unknown request URI: /x/inngest
Feb 25, 2026 6:41:50 AM io.gapi.emulators.netty.HttpVersionRoutingHandler channelRead
INFO: Detected non-HTTP/2 connection.
Feb 25, 2026 6:41:50 AM io.gapi.emulators.netty.NotFoundHandler handleRequest
INFO: Unknown request URI: /.netlify/functions/inngest
Feb 25, 2026 6:41:50 AM io.gapi.emulators.netty.HttpVersionRoutingHandler channelRead
INFO: Detected non-HTTP/2 connection.
Feb 25, 2026 6:41:50 AM io.gapi.emulators.netty.NotFoundHandler handleRequest
INFO: Unknown request URI: /.redwood/functions/inngest
Feb 25, 2026 6:41:55 AM io.gapi.emulators.netty.HttpVersionRoutingHandler channelRead
INFO: Detected non-HTTP/2 connection.
Feb 25, 2026 6:41:55 AM io.gapi.emulators.netty.NotFoundHandler handleRequest
INFO: Unknown request URI: /api/inngest
Feb 25, 2026 6:41:55 AM io.gapi.emulators.netty.HttpVersionRoutingHandler channelRead
INFO: Detected non-HTTP/2 connection.
Feb 25, 2026 6:41:55 AM io.gapi.emulators.netty.NotFoundHandler handleRequest
INFO: Unknown request URI: /x/inngest
Feb 25, 2026 6:41:55 AM io.gapi.emulators.netty.HttpVersionRoutingHandler channelRead
INFO: Detected non-HTTP/2 connection.
Feb 25, 2026 6:41:55 AM io.gapi.emulators.netty.NotFoundHandler handleRequest
INFO: Unknown request URI: /.netlify/functions/inngest
Feb 25, 2026 6:41:55 AM io.gapi.emulators.netty.HttpVersionRoutingHandler channelRead
INFO: Detected non-HTTP/2 connection.
Feb 25, 2026 6:41:55 AM io.gapi.emulators.netty.NotFoundHandler handleRequest
INFO: Unknown request URI: /.redwood/functions/inngest
Feb 25, 2026 6:42:00 AM io.gapi.emulators.netty.HttpVersionRoutingHandler channelRead
INFO: Detected non-HTTP/2 connection.
Feb 25, 2026 6:42:00 AM io.gapi.emulators.netty.NotFoundHandler handleRequest
INFO: Unknown request URI: /api/inngest
Feb 25, 2026 6:42:00 AM io.gapi.emulators.netty.HttpVersionRoutingHandler channelRead
INFO: Detected non-HTTP/2 connection.
Feb 25, 2026 6:42:00 AM io.gapi.emulators.netty.NotFoundHandler handleRequest
INFO: Unknown request URI: /x/inngest
Feb 25, 2026 6:42:00 AM io.gapi.emulators.netty.HttpVersionRoutingHandler channelRead
INFO: Detected non-HTTP/2 connection.
Feb 25, 2026 6:42:00 AM io.gapi.emulators.netty.NotFoundHandler handleRequest
INFO: Unknown request URI: /.netlify/functions/inngest
Feb 25, 2026 6:42:00 AM io.gapi.emulators.netty.HttpVersionRoutingHandler channelRead
INFO: Detected non-HTTP/2 connection.
Feb 25, 2026 6:42:00 AM io.gapi.emulators.netty.NotFoundHandler handleRequest
INFO: Unknown request URI: /.redwood/functions/inngest
Feb 25, 2026 6:42:05 AM io.gapi.emulators.netty.HttpVersionRoutingHandler channelRead
INFO: Detected non-HTTP/2 connection.
Feb 25, 2026 6:42:05 AM io.gapi.emulators.netty.NotFoundHandler handleRequest
INFO: Unknown request URI: /api/inngest
Feb 25, 2026 6:42:05 AM io.gapi.emulators.netty.HttpVersionRoutingHandler channelRead
INFO: Detected non-HTTP/2 connection.
Feb 25, 2026 6:42:05 AM io.gapi.emulators.netty.NotFoundHandler handleRequest
INFO: Unknown request URI: /x/inngest
Feb 25, 2026 6:42:05 AM io.gapi.emulators.netty.HttpVersionRoutingHandler channelRead
INFO: Detected non-HTTP/2 connection.
Feb 25, 2026 6:42:05 AM io.gapi.emulators.netty.NotFoundHandler handleRequest
INFO: Unknown request URI: /.netlify/functions/inngest
Feb 25, 2026 6:42:06 AM io.gapi.emulators.netty.HttpVersionRoutingHandler channelRead
INFO: Detected non-HTTP/2 connection.
Feb 25, 2026 6:42:06 AM io.gapi.emulators.netty.NotFoundHandler handleRequest
INFO: Unknown request URI: /.redwood/functions/inngest
Feb 25, 2026 6:42:11 AM io.gapi.emulators.netty.HttpVersionRoutingHandler channelRead
INFO: Detected non-HTTP/2 connection.
Feb 25, 2026 6:42:11 AM io.gapi.emulators.netty.NotFoundHandler handleRequest
INFO: Unknown request URI: /api/inngest
Feb 25, 2026 6:42:11 AM io.gapi.emulators.netty.HttpVersionRoutingHandler channelRead
INFO: Detected non-HTTP/2 connection.
Feb 25, 2026 6:42:11 AM io.gapi.emulators.netty.NotFoundHandler handleRequest
INFO: Unknown request URI: /x/inngest
Feb 25, 2026 6:42:11 AM io.gapi.emulators.netty.HttpVersionRoutingHandler channelRead
INFO: Detected non-HTTP/2 connection.
Feb 25, 2026 6:42:11 AM io.gapi.emulators.netty.NotFoundHandler handleRequest
INFO: Unknown request URI: /.netlify/functions/inngest
Feb 25, 2026 6:42:11 AM io.gapi.emulators.netty.HttpVersionRoutingHandler channelRead
INFO: Detected non-HTTP/2 connection.
Feb 25, 2026 6:42:11 AM io.gapi.emulators.netty.NotFoundHandler handleRequest
INFO: Unknown request URI: /.redwood/functions/inngest
Feb 25, 2026 6:42:16 AM io.gapi.emulators.netty.HttpVersionRoutingHandler channelRead
INFO: Detected non-HTTP/2 connection.
Feb 25, 2026 6:42:16 AM io.gapi.emulators.netty.NotFoundHandler handleRequest
INFO: Unknown request URI: /api/inngest
Feb 25, 2026 6:42:16 AM io.gapi.emulators.netty.HttpVersionRoutingHandler channelRead
INFO: Detected non-HTTP/2 connection.
Feb 25, 2026 6:42:16 AM io.gapi.emulators.netty.NotFoundHandler handleRequest
INFO: Unknown request URI: /x/inngest
Feb 25, 2026 6:42:16 AM io.gapi.emulators.netty.HttpVersionRoutingHandler channelRead
INFO: Detected non-HTTP/2 connection.
Feb 25, 2026 6:42:16 AM io.gapi.emulators.netty.NotFoundHandler handleRequest
INFO: Unknown request URI: /.netlify/functions/inngest
Feb 25, 2026 6:42:16 AM io.gapi.emulators.netty.HttpVersionRoutingHandler channelRead
INFO: Detected non-HTTP/2 connection.
Feb 25, 2026 6:42:16 AM io.gapi.emulators.netty.NotFoundHandler handleRequest
INFO: Unknown request URI: /.redwood/functions/inngest
Feb 25, 2026 6:42:21 AM io.gapi.emulators.netty.HttpVersionRoutingHandler channelRead
INFO: Detected non-HTTP/2 connection.
Feb 25, 2026 6:42:21 AM io.gapi.emulators.netty.NotFoundHandler handleRequest
INFO: Unknown request URI: /api/inngest
Feb 25, 2026 6:42:21 AM io.gapi.emulators.netty.HttpVersionRoutingHandler channelRead
INFO: Detected non-HTTP/2 connection.
Feb 25, 2026 6:42:21 AM io.gapi.emulators.netty.NotFoundHandler handleRequest
INFO: Unknown request URI: /x/inngest
Feb 25, 2026 6:42:21 AM io.gapi.emulators.netty.HttpVersionRoutingHandler channelRead
INFO: Detected non-HTTP/2 connection.
Feb 25, 2026 6:42:21 AM io.gapi.emulators.netty.NotFoundHandler handleRequest
INFO: Unknown request URI: /.netlify/functions/inngest
Feb 25, 2026 6:42:21 AM io.gapi.emulators.netty.HttpVersionRoutingHandler channelRead
INFO: Detected non-HTTP/2 connection.
Feb 25, 2026 6:42:21 AM io.gapi.emulators.netty.NotFoundHandler handleRequest
INFO: Unknown request URI: /.redwood/functions/inngest
Feb 25, 2026 6:42:26 AM io.gapi.emulators.netty.HttpVersionRoutingHandler channelRead
INFO: Detected non-HTTP/2 connection.
Feb 25, 2026 6:42:26 AM io.gapi.emulators.netty.NotFoundHandler handleRequest
INFO: Unknown request URI: /api/inngest
Feb 25, 2026 6:42:26 AM io.gapi.emulators.netty.HttpVersionRoutingHandler channelRead
INFO: Detected non-HTTP/2 connection.
Feb 25, 2026 6:42:26 AM io.gapi.emulators.netty.NotFoundHandler handleRequest
INFO: Unknown request URI: /x/inngest
Feb 25, 2026 6:42:26 AM io.gapi.emulators.netty.HttpVersionRoutingHandler channelRead
INFO: Detected non-HTTP/2 connection.
Feb 25, 2026 6:42:26 AM io.gapi.emulators.netty.NotFoundHandler handleRequest
INFO: Unknown request URI: /.netlify/functions/inngest
Feb 25, 2026 6:42:26 AM io.gapi.emulators.netty.HttpVersionRoutingHandler channelRead
INFO: Detected non-HTTP/2 connection.
Feb 25, 2026 6:42:26 AM io.gapi.emulators.netty.NotFoundHandler handleRequest
INFO: Unknown request URI: /.redwood/functions/inngest
Feb 25, 2026 6:42:31 AM io.gapi.emulators.netty.HttpVersionRoutingHandler channelRead
INFO: Detected non-HTTP/2 connection.
Feb 25, 2026 6:42:31 AM io.gapi.emulators.netty.NotFoundHandler handleRequest
INFO: Unknown request URI: /api/inngest
Feb 25, 2026 6:42:31 AM io.gapi.emulators.netty.HttpVersionRoutingHandler channelRead
INFO: Detected non-HTTP/2 connection.
Feb 25, 2026 6:42:31 AM io.gapi.emulators.netty.NotFoundHandler handleRequest
INFO: Unknown request URI: /x/inngest
Feb 25, 2026 6:42:31 AM io.gapi.emulators.netty.HttpVersionRoutingHandler channelRead
INFO: Detected non-HTTP/2 connection.
Feb 25, 2026 6:42:31 AM io.gapi.emulators.netty.NotFoundHandler handleRequest
INFO: Unknown request URI: /.netlify/functions/inngest
Feb 25, 2026 6:42:31 AM io.gapi.emulators.netty.HttpVersionRoutingHandler channelRead
INFO: Detected non-HTTP/2 connection.
Feb 25, 2026 6:42:31 AM io.gapi.emulators.netty.NotFoundHandler handleRequest
INFO: Unknown request URI: /.redwood/functions/inngest
Feb 25, 2026 6:42:36 AM io.gapi.emulators.netty.HttpVersionRoutingHandler channelRead
INFO: Detected non-HTTP/2 connection.
Feb 25, 2026 6:42:36 AM io.gapi.emulators.netty.NotFoundHandler handleRequest
INFO: Unknown request URI: /api/inngest
Feb 25, 2026 6:42:36 AM io.gapi.emulators.netty.HttpVersionRoutingHandler channelRead
INFO: Detected non-HTTP/2 connection.
Feb 25, 2026 6:42:36 AM io.gapi.emulators.netty.NotFoundHandler handleRequest
INFO: Unknown request URI: /x/inngest
Feb 25, 2026 6:42:36 AM io.gapi.emulators.netty.HttpVersionRoutingHandler channelRead
INFO: Detected non-HTTP/2 connection.
Feb 25, 2026 6:42:36 AM io.gapi.emulators.netty.NotFoundHandler handleRequest
INFO: Unknown request URI: /.netlify/functions/inngest
Feb 25, 2026 6:42:36 AM io.gapi.emulators.netty.HttpVersionRoutingHandler channelRead
INFO: Detected non-HTTP/2 connection.
Feb 25, 2026 6:42:36 AM io.gapi.emulators.netty.NotFoundHandler handleRequest
INFO: Unknown request URI: /.redwood/functions/inngest
Feb 25, 2026 6:42:41 AM io.gapi.emulators.netty.HttpVersionRoutingHandler channelRead
INFO: Detected non-HTTP/2 connection.
Feb 25, 2026 6:42:41 AM io.gapi.emulators.netty.NotFoundHandler handleRequest
INFO: Unknown request URI: /api/inngest
Feb 25, 2026 6:42:41 AM io.gapi.emulators.netty.HttpVersionRoutingHandler channelRead
INFO: Detected non-HTTP/2 connection.
Feb 25, 2026 6:42:41 AM io.gapi.emulators.netty.NotFoundHandler handleRequest
INFO: Unknown request URI: /x/inngest
Feb 25, 2026 6:42:41 AM io.gapi.emulators.netty.HttpVersionRoutingHandler channelRead
INFO: Detected non-HTTP/2 connection.
Feb 25, 2026 6:42:41 AM io.gapi.emulators.netty.NotFoundHandler handleRequest
INFO: Unknown request URI: /.netlify/functions/inngest
Feb 25, 2026 6:42:41 AM io.gapi.emulators.netty.HttpVersionRoutingHandler channelRead
INFO: Detected non-HTTP/2 connection.
Feb 25, 2026 6:42:41 AM io.gapi.emulators.netty.NotFoundHandler handleRequest
INFO: Unknown request URI: /.redwood/functions/inngest
Feb 25, 2026 6:42:46 AM io.gapi.emulators.netty.HttpVersionRoutingHandler channelRead
INFO: Detected non-HTTP/2 connection.
Feb 25, 2026 6:42:46 AM io.gapi.emulators.netty.NotFoundHandler handleRequest
INFO: Unknown request URI: /api/inngest
Feb 25, 2026 6:42:46 AM io.gapi.emulators.netty.HttpVersionRoutingHandler channelRead
INFO: Detected non-HTTP/2 connection.
Feb 25, 2026 6:42:46 AM io.gapi.emulators.netty.NotFoundHandler handleRequest
INFO: Unknown request URI: /x/inngest
Feb 25, 2026 6:42:46 AM io.gapi.emulators.netty.HttpVersionRoutingHandler channelRead
INFO: Detected non-HTTP/2 connection.
Feb 25, 2026 6:42:46 AM io.gapi.emulators.netty.NotFoundHandler handleRequest
INFO: Unknown request URI: /.netlify/functions/inngest
Feb 25, 2026 6:42:46 AM io.gapi.emulators.netty.HttpVersionRoutingHandler channelRead
INFO: Detected non-HTTP/2 connection.
Feb 25, 2026 6:42:46 AM io.gapi.emulators.netty.NotFoundHandler handleRequest
INFO: Unknown request URI: /.redwood/functions/inngest
Feb 25, 2026 6:42:51 AM io.gapi.emulators.netty.HttpVersionRoutingHandler channelRead
INFO: Detected non-HTTP/2 connection.
Feb 25, 2026 6:42:51 AM io.gapi.emulators.netty.NotFoundHandler handleRequest
INFO: Unknown request URI: /api/inngest
Feb 25, 2026 6:42:51 AM io.gapi.emulators.netty.HttpVersionRoutingHandler channelRead
INFO: Detected non-HTTP/2 connection.
Feb 25, 2026 6:42:51 AM io.gapi.emulators.netty.NotFoundHandler handleRequest
INFO: Unknown request URI: /x/inngest
Feb 25, 2026 6:42:51 AM io.gapi.emulators.netty.HttpVersionRoutingHandler channelRead
INFO: Detected non-HTTP/2 connection.
Feb 25, 2026 6:42:51 AM io.gapi.emulators.netty.NotFoundHandler handleRequest
INFO: Unknown request URI: /.netlify/functions/inngest
Feb 25, 2026 6:42:51 AM io.gapi.emulators.netty.HttpVersionRoutingHandler channelRead
INFO: Detected non-HTTP/2 connection.
Feb 25, 2026 6:42:51 AM io.gapi.emulators.netty.NotFoundHandler handleRequest
INFO: Unknown request URI: /.redwood/functions/inngest
Feb 25, 2026 6:42:56 AM io.gapi.emulators.netty.HttpVersionRoutingHandler channelRead
INFO: Detected non-HTTP/2 connection.
Feb 25, 2026 6:42:56 AM io.gapi.emulators.netty.NotFoundHandler handleRequest
INFO: Unknown request URI: /api/inngest
Feb 25, 2026 6:42:56 AM io.gapi.emulators.netty.HttpVersionRoutingHandler channelRead
INFO: Detected non-HTTP/2 connection.
Feb 25, 2026 6:42:56 AM io.gapi.emulators.netty.NotFoundHandler handleRequest
INFO: Unknown request URI: /x/inngest
Feb 25, 2026 6:42:56 AM io.gapi.emulators.netty.HttpVersionRoutingHandler channelRead
INFO: Detected non-HTTP/2 connection.
Feb 25, 2026 6:42:56 AM io.gapi.emulators.netty.NotFoundHandler handleRequest
INFO: Unknown request URI: /.netlify/functions/inngest
Feb 25, 2026 6:42:56 AM io.gapi.emulators.netty.HttpVersionRoutingHandler channelRead
INFO: Detected non-HTTP/2 connection.
Feb 25, 2026 6:42:56 AM io.gapi.emulators.netty.NotFoundHandler handleRequest
INFO: Unknown request URI: /.redwood/functions/inngest
Feb 25, 2026 6:43:01 AM io.gapi.emulators.netty.HttpVersionRoutingHandler channelRead
INFO: Detected non-HTTP/2 connection.
Feb 25, 2026 6:43:01 AM io.gapi.emulators.netty.NotFoundHandler handleRequest
INFO: Unknown request URI: /api/inngest
Feb 25, 2026 6:43:01 AM io.gapi.emulators.netty.HttpVersionRoutingHandler channelRead
INFO: Detected non-HTTP/2 connection.
Feb 25, 2026 6:43:01 AM io.gapi.emulators.netty.NotFoundHandler handleRequest
INFO: Unknown request URI: /x/inngest
Feb 25, 2026 6:43:01 AM io.gapi.emulators.netty.HttpVersionRoutingHandler channelRead
INFO: Detected non-HTTP/2 connection.
Feb 25, 2026 6:43:01 AM io.gapi.emulators.netty.NotFoundHandler handleRequest
INFO: Unknown request URI: /.netlify/functions/inngest
Feb 25, 2026 6:43:01 AM io.gapi.emulators.netty.HttpVersionRoutingHandler channelRead
INFO: Detected non-HTTP/2 connection.
Feb 25, 2026 6:43:01 AM io.gapi.emulators.netty.NotFoundHandler handleRequest
INFO: Unknown request URI: /.redwood/functions/inngest
Feb 25, 2026 6:43:06 AM io.gapi.emulators.netty.HttpVersionRoutingHandler channelRead
INFO: Detected non-HTTP/2 connection.
Feb 25, 2026 6:43:06 AM io.gapi.emulators.netty.NotFoundHandler handleRequest
INFO: Unknown request URI: /api/inngest
Feb 25, 2026 6:43:06 AM io.gapi.emulators.netty.HttpVersionRoutingHandler channelRead
INFO: Detected non-HTTP/2 connection.
Feb 25, 2026 6:43:06 AM io.gapi.emulators.netty.NotFoundHandler handleRequest
INFO: Unknown request URI: /x/inngest
Feb 25, 2026 6:43:06 AM io.gapi.emulators.netty.HttpVersionRoutingHandler channelRead
INFO: Detected non-HTTP/2 connection.
Feb 25, 2026 6:43:06 AM io.gapi.emulators.netty.NotFoundHandler handleRequest
INFO: Unknown request URI: /.netlify/functions/inngest
Feb 25, 2026 6:43:06 AM io.gapi.emulators.netty.HttpVersionRoutingHandler channelRead
INFO: Detected non-HTTP/2 connection.
Feb 25, 2026 6:43:06 AM io.gapi.emulators.netty.NotFoundHandler handleRequest
INFO: Unknown request URI: /.redwood/functions/inngest
Feb 25, 2026 6:43:11 AM io.gapi.emulators.netty.HttpVersionRoutingHandler channelRead
INFO: Detected non-HTTP/2 connection.
Feb 25, 2026 6:43:11 AM io.gapi.emulators.netty.NotFoundHandler handleRequest
INFO: Unknown request URI: /api/inngest
Feb 25, 2026 6:43:11 AM io.gapi.emulators.netty.HttpVersionRoutingHandler channelRead
INFO: Detected non-HTTP/2 connection.
Feb 25, 2026 6:43:11 AM io.gapi.emulators.netty.NotFoundHandler handleRequest
INFO: Unknown request URI: /x/inngest
Feb 25, 2026 6:43:11 AM io.gapi.emulators.netty.HttpVersionRoutingHandler channelRead
INFO: Detected non-HTTP/2 connection.
Feb 25, 2026 6:43:11 AM io.gapi.emulators.netty.NotFoundHandler handleRequest
INFO: Unknown request URI: /.netlify/functions/inngest
Feb 25, 2026 6:43:11 AM io.gapi.emulators.netty.HttpVersionRoutingHandler channelRead
INFO: Detected non-HTTP/2 connection.
Feb 25, 2026 6:43:11 AM io.gapi.emulators.netty.NotFoundHandler handleRequest
INFO: Unknown request URI: /.redwood/functions/inngest
Feb 25, 2026 6:43:16 AM io.gapi.emulators.netty.HttpVersionRoutingHandler channelRead
INFO: Detected non-HTTP/2 connection.
Feb 25, 2026 6:43:16 AM io.gapi.emulators.netty.NotFoundHandler handleRequest
INFO: Unknown request URI: /api/inngest
Feb 25, 2026 6:43:16 AM io.gapi.emulators.netty.HttpVersionRoutingHandler channelRead
INFO: Detected non-HTTP/2 connection.
Feb 25, 2026 6:43:16 AM io.gapi.emulators.netty.NotFoundHandler handleRequest
INFO: Unknown request URI: /x/inngest
Feb 25, 2026 6:43:16 AM io.gapi.emulators.netty.HttpVersionRoutingHandler channelRead
INFO: Detected non-HTTP/2 connection.
Feb 25, 2026 6:43:16 AM io.gapi.emulators.netty.NotFoundHandler handleRequest
INFO: Unknown request URI: /.netlify/functions/inngest
Feb 25, 2026 6:43:16 AM io.gapi.emulators.netty.HttpVersionRoutingHandler channelRead
INFO: Detected non-HTTP/2 connection.
Feb 25, 2026 6:43:16 AM io.gapi.emulators.netty.NotFoundHandler handleRequest
INFO: Unknown request URI: /.redwood/functions/inngest
Feb 25, 2026 6:43:21 AM io.gapi.emulators.netty.HttpVersionRoutingHandler channelRead
INFO: Detected non-HTTP/2 connection.
Feb 25, 2026 6:43:21 AM io.gapi.emulators.netty.NotFoundHandler handleRequest
INFO: Unknown request URI: /api/inngest
Feb 25, 2026 6:43:21 AM io.gapi.emulators.netty.HttpVersionRoutingHandler channelRead
INFO: Detected non-HTTP/2 connection.
Feb 25, 2026 6:43:21 AM io.gapi.emulators.netty.NotFoundHandler handleRequest
INFO: Unknown request URI: /x/inngest
Feb 25, 2026 6:43:21 AM io.gapi.emulators.netty.HttpVersionRoutingHandler channelRead
INFO: Detected non-HTTP/2 connection.
Feb 25, 2026 6:43:21 AM io.gapi.emulators.netty.NotFoundHandler handleRequest
INFO: Unknown request URI: /.netlify/functions/inngest
Feb 25, 2026 6:43:21 AM io.gapi.emulators.netty.HttpVersionRoutingHandler channelRead
INFO: Detected non-HTTP/2 connection.
Feb 25, 2026 6:43:21 AM io.gapi.emulators.netty.NotFoundHandler handleRequest
INFO: Unknown request URI: /.redwood/functions/inngest
Feb 25, 2026 6:43:26 AM io.gapi.emulators.netty.HttpVersionRoutingHandler channelRead
INFO: Detected non-HTTP/2 connection.
Feb 25, 2026 6:43:26 AM io.gapi.emulators.netty.NotFoundHandler handleRequest
INFO: Unknown request URI: /api/inngest
Feb 25, 2026 6:43:26 AM io.gapi.emulators.netty.HttpVersionRoutingHandler channelRead
INFO: Detected non-HTTP/2 connection.
Feb 25, 2026 6:43:26 AM io.gapi.emulators.netty.NotFoundHandler handleRequest
INFO: Unknown request URI: /x/inngest
Feb 25, 2026 6:43:26 AM io.gapi.emulators.netty.HttpVersionRoutingHandler channelRead
INFO: Detected non-HTTP/2 connection.
Feb 25, 2026 6:43:26 AM io.gapi.emulators.netty.NotFoundHandler handleRequest
INFO: Unknown request URI: /.netlify/functions/inngest
Feb 25, 2026 6:43:26 AM io.gapi.emulators.netty.HttpVersionRoutingHandler channelRead
INFO: Detected non-HTTP/2 connection.
Feb 25, 2026 6:43:26 AM io.gapi.emulators.netty.NotFoundHandler handleRequest
INFO: Unknown request URI: /.redwood/functions/inngest
Feb 25, 2026 6:43:32 AM io.gapi.emulators.netty.HttpVersionRoutingHandler channelRead
INFO: Detected non-HTTP/2 connection.
Feb 25, 2026 6:43:32 AM io.gapi.emulators.netty.NotFoundHandler handleRequest
INFO: Unknown request URI: /api/inngest
Feb 25, 2026 6:43:32 AM io.gapi.emulators.netty.HttpVersionRoutingHandler channelRead
INFO: Detected non-HTTP/2 connection.
Feb 25, 2026 6:43:32 AM io.gapi.emulators.netty.NotFoundHandler handleRequest
INFO: Unknown request URI: /x/inngest
Feb 25, 2026 6:43:32 AM io.gapi.emulators.netty.HttpVersionRoutingHandler channelRead
INFO: Detected non-HTTP/2 connection.
Feb 25, 2026 6:43:32 AM io.gapi.emulators.netty.NotFoundHandler handleRequest
INFO: Unknown request URI: /.netlify/functions/inngest
Feb 25, 2026 6:43:32 AM io.gapi.emulators.netty.HttpVersionRoutingHandler channelRead
INFO: Detected non-HTTP/2 connection.
Feb 25, 2026 6:43:32 AM io.gapi.emulators.netty.NotFoundHandler handleRequest
INFO: Unknown request URI: /.redwood/functions/inngest
Feb 25, 2026 6:43:37 AM io.gapi.emulators.netty.HttpVersionRoutingHandler channelRead
INFO: Detected non-HTTP/2 connection.
Feb 25, 2026 6:43:37 AM io.gapi.emulators.netty.NotFoundHandler handleRequest
INFO: Unknown request URI: /api/inngest
Feb 25, 2026 6:43:37 AM io.gapi.emulators.netty.HttpVersionRoutingHandler channelRead
INFO: Detected non-HTTP/2 connection.
Feb 25, 2026 6:43:37 AM io.gapi.emulators.netty.NotFoundHandler handleRequest
INFO: Unknown request URI: /x/inngest
Feb 25, 2026 6:43:37 AM io.gapi.emulators.netty.HttpVersionRoutingHandler channelRead
INFO: Detected non-HTTP/2 connection.
Feb 25, 2026 6:43:37 AM io.gapi.emulators.netty.NotFoundHandler handleRequest
INFO: Unknown request URI: /.netlify/functions/inngest
Feb 25, 2026 6:43:37 AM io.gapi.emulators.netty.HttpVersionRoutingHandler channelRead
INFO: Detected non-HTTP/2 connection.
Feb 25, 2026 6:43:37 AM io.gapi.emulators.netty.NotFoundHandler handleRequest
INFO: Unknown request URI: /.redwood/functions/inngest
Feb 25, 2026 6:43:50 AM io.gapi.emulators.netty.HttpVersionRoutingHandler channelRead
INFO: Detected non-HTTP/2 connection.
Feb 25, 2026 6:43:50 AM io.gapi.emulators.netty.NotFoundHandler handleRequest
INFO: Unknown request URI: /api/inngest
Feb 25, 2026 6:43:50 AM io.gapi.emulators.netty.HttpVersionRoutingHandler channelRead
INFO: Detected non-HTTP/2 connection.
Feb 25, 2026 6:43:50 AM io.gapi.emulators.netty.NotFoundHandler handleRequest
INFO: Unknown request URI: /x/inngest
Feb 25, 2026 6:43:50 AM io.gapi.emulators.netty.HttpVersionRoutingHandler channelRead
INFO: Detected non-HTTP/2 connection.
Feb 25, 2026 6:43:50 AM io.gapi.emulators.netty.NotFoundHandler handleRequest
INFO: Unknown request URI: /.netlify/functions/inngest
Feb 25, 2026 6:43:50 AM io.gapi.emulators.netty.HttpVersionRoutingHandler channelRead
INFO: Detected non-HTTP/2 connection.
Feb 25, 2026 6:43:50 AM io.gapi.emulators.netty.NotFoundHandler handleRequest
INFO: Unknown request URI: /.redwood/functions/inngest
Feb 25, 2026 6:44:03 AM io.gapi.emulators.netty.HttpVersionRoutingHandler channelRead
INFO: Detected non-HTTP/2 connection.
Feb 25, 2026 6:44:03 AM io.gapi.emulators.netty.NotFoundHandler handleRequest
INFO: Unknown request URI: /api/inngest
Feb 25, 2026 6:44:03 AM io.gapi.emulators.netty.HttpVersionRoutingHandler channelRead
INFO: Detected non-HTTP/2 connection.
Feb 25, 2026 6:44:03 AM io.gapi.emulators.netty.NotFoundHandler handleRequest
INFO: Unknown request URI: /x/inngest
Feb 25, 2026 6:44:03 AM io.gapi.emulators.netty.HttpVersionRoutingHandler channelRead
INFO: Detected non-HTTP/2 connection.
Feb 25, 2026 6:44:03 AM io.gapi.emulators.netty.NotFoundHandler handleRequest
INFO: Unknown request URI: /.netlify/functions/inngest
Feb 25, 2026 6:44:03 AM io.gapi.emulators.netty.HttpVersionRoutingHandler channelRead
INFO: Detected non-HTTP/2 connection.
Feb 25, 2026 6:44:03 AM io.gapi.emulators.netty.NotFoundHandler handleRequest
INFO: Unknown request URI: /.redwood/functions/inngest
Feb 25, 2026 6:44:08 AM io.gapi.emulators.netty.HttpVersionRoutingHandler channelRead
INFO: Detected non-HTTP/2 connection.
Feb 25, 2026 6:44:08 AM io.gapi.emulators.netty.NotFoundHandler handleRequest
INFO: Unknown request URI: /api/inngest
Feb 25, 2026 6:44:08 AM io.gapi.emulators.netty.HttpVersionRoutingHandler channelRead
INFO: Detected non-HTTP/2 connection.
Feb 25, 2026 6:44:08 AM io.gapi.emulators.netty.NotFoundHandler handleRequest
INFO: Unknown request URI: /x/inngest
Feb 25, 2026 6:44:08 AM io.gapi.emulators.netty.HttpVersionRoutingHandler channelRead
INFO: Detected non-HTTP/2 connection.
Feb 25, 2026 6:44:08 AM io.gapi.emulators.netty.NotFoundHandler handleRequest
INFO: Unknown request URI: /.netlify/functions/inngest
Feb 25, 2026 6:44:08 AM io.gapi.emulators.netty.HttpVersionRoutingHandler channelRead
INFO: Detected non-HTTP/2 connection.
Feb 25, 2026 6:44:08 AM io.gapi.emulators.netty.NotFoundHandler handleRequest
INFO: Unknown request URI: /.redwood/functions/inngest
Feb 25, 2026 6:44:18 AM io.gapi.emulators.netty.HttpVersionRoutingHandler channelRead
INFO: Detected non-HTTP/2 connection.
Feb 25, 2026 6:44:18 AM io.gapi.emulators.netty.NotFoundHandler handleRequest
INFO: Unknown request URI: /api/inngest
Feb 25, 2026 6:44:18 AM io.gapi.emulators.netty.HttpVersionRoutingHandler channelRead
INFO: Detected non-HTTP/2 connection.
Feb 25, 2026 6:44:18 AM io.gapi.emulators.netty.NotFoundHandler handleRequest
INFO: Unknown request URI: /x/inngest
Feb 25, 2026 6:44:18 AM io.gapi.emulators.netty.HttpVersionRoutingHandler channelRead
INFO: Detected non-HTTP/2 connection.
Feb 25, 2026 6:44:18 AM io.gapi.emulators.netty.NotFoundHandler handleRequest
INFO: Unknown request URI: /.netlify/functions/inngest
Feb 25, 2026 6:44:18 AM io.gapi.emulators.netty.HttpVersionRoutingHandler channelRead
INFO: Detected non-HTTP/2 connection.
Feb 25, 2026 6:44:18 AM io.gapi.emulators.netty.NotFoundHandler handleRequest
INFO: Unknown request URI: /.redwood/functions/inngest
